#
# There is insufficient memory for the Java Runtime Environment to continue.
# Native memory allocation (malloc) failed to allocate 1048576 bytes for AllocateHeap
# Possible reasons:
#   The system is out of physical RAM or swap space
#   In 32 bit mode, the process size limit was hit
# Possible solutions:
#   Reduce memory load on the system
#   Increase physical memory or swap space
#   Check if swap backing store is full
#   Use 64 bit Java on a 64 bit OS
#   Decrease Java heap size (-Xmx/-Xms)
#   Decrease number of Java threads
#   Decrease Java thread stack sizes (-Xss)
#   Set larger code cache with -XX:ReservedCodeCacheSize=
# This output file may be truncated or incomplete.
#
#  Out of Memory Error (memory/allocation.inline.hpp:61), pid=16016, tid=0x0000000000003264
#
# JRE version:  (8.0_121-b13) (build )
# Java VM: Java HotSpot(TM) 64-Bit Server VM (25.121-b13 mixed mode windows-amd64 compressed oops)
# Failed to write core dump. Minidumps are not enabled by default on client versions of Windows
#

---------------  T H R E A D  ---------------

Current thread (0x0000000002956000):  JavaThread "Unknown thread" [_thread_in_vm, id=12900, stack(0x00000000026b0000,0x00000000027b0000)]

Stack: [0x00000000026b0000,0x00000000027b0000]
[error occurred during error reporting (printing stack bounds), id 0xc0000005]

Native frames: (J=compiled Java code, j=interpreted, Vv=VM code, C=native code)


---------------  P R O C E S S  ---------------

Java Threads: ( => current thread )

Other Threads:

=>0x0000000002956000 (exited) JavaThread "Unknown thread" [_thread_in_vm, id=12900, stack(0x00000000026b0000,0x00000000027b0000)]

VM state:not at safepoint (normal execution)

VM Mutex/Monitor currently owned by a thread: None

Heap:
 PSYoungGen      total 37888K, used 655K [0x00000000d6200000, 0x00000000d8c00000, 0x0000000100000000)
  eden space 32768K, 2% used [0x00000000d6200000,0x00000000d62a3d80,0x00000000d8200000)
  from space 5120K, 0% used [0x00000000d8700000,0x00000000d8700000,0x00000000d8c00000)
  to   space 5120K, 0% used [0x00000000d8200000,0x00000000d8200000,0x00000000d8700000)
 ParOldGen       total 86016K, used 0K [0x0000000082600000, 0x0000000087a00000, 0x00000000d6200000)
  object space 86016K, 0% used [0x0000000082600000,0x0000000082600000,0x0000000087a00000)
 Metaspace       used 770K, capacity 4480K, committed 4480K, reserved 1056768K
  class space    used 75K, capacity 384K, committed 384K, reserved 1048576K

Card table byte_map: [0x0000000011e10000,0x0000000012200000] byte_map_base: 0x00000000119fd000

Marking Bits: (ParMarkBitMap*) 0x00000000705fb6d0
 Begin Bits: [0x0000000012ca0000, 0x0000000014c08000)
 End Bits:   [0x0000000014c08000, 0x0000000016b70000)

Polling page: 0x0000000000460000

CodeCache: size=245760Kb used=328Kb max_used=328Kb free=245431Kb
 bounds [0x0000000002a50000, 0x0000000002cc0000, 0x0000000011a50000]
 total_blobs=58 nmethods=0 adapters=38
 compilation: enabled

Compilation events (0 events):
No events

GC Heap History (0 events):
No events

Deoptimization events (0 events):
No events

Internal exceptions (0 events):
No events

Events (10 events):
Event: 0.041 loading class java/lang/Short
Event: 0.042 loading class java/lang/Short done
Event: 0.042 loading class java/lang/Integer
Event: 0.042 loading class java/lang/Integer done
Event: 0.042 loading class java/lang/Long
Event: 0.042 loading class java/lang/Long done
Event: 0.043 loading class java/lang/NullPointerException
Event: 0.043 loading class java/lang/NullPointerException done
Event: 0.043 loading class java/lang/ArithmeticException
Event: 0.043 loading class java/lang/ArithmeticException done


Dynamic libraries:
0x00007ff667e80000 - 0x00007ff667eb7000 	C:\Program Files\Java\jdk1.8.0_121\bin\java.exe
0x00007ffe8d230000 - 0x00007ffe8d411000 	C:\WINDOWS\SYSTEM32\ntdll.dll
0x00007ffe8d060000 - 0x00007ffe8d112000 	C:\WINDOWS\System32\KERNEL32.DLL
0x00007ffe8a220000 - 0x00007ffe8a493000 	C:\WINDOWS\System32\KERNELBASE.dll
0x00007ffe8c900000 - 0x00007ffe8c9a1000 	C:\WINDOWS\System32\ADVAPI32.dll
0x00007ffe8c3c0000 - 0x00007ffe8c45e000 	C:\WINDOWS\System32\msvcrt.dll
0x00007ffe8bb70000 - 0x00007ffe8bbcb000 	C:\WINDOWS\System32\sechost.dll
0x00007ffe8ce60000 - 0x00007ffe8cf84000 	C:\WINDOWS\System32\RPCRT4.dll
0x00007ffe8bc40000 - 0x00007ffe8bdd0000 	C:\WINDOWS\System32\USER32.dll
0x00007ffe8a200000 - 0x00007ffe8a220000 	C:\WINDOWS\System32\win32u.dll
0x00007ffe8c6d0000 - 0x00007ffe8c6f8000 	C:\WINDOWS\System32\GDI32.dll
0x00007ffe89fb0000 - 0x00007ffe8a142000 	C:\WINDOWS\System32\gdi32full.dll
0x00007ffe8a620000 - 0x00007ffe8a6bf000 	C:\WINDOWS\System32\msvcp_win.dll
0x00007ffe8a4a0000 - 0x00007ffe8a59a000 	C:\WINDOWS\System32\ucrtbase.dll
0x00007ffe6ef90000 - 0x00007ffe6f1f9000 	C:\WINDOWS\WinSxS\amd64_microsoft.windows.common-controls_6595b64144ccf1df_6.0.17134.523_none_fb409dd930672a56\COMCTL32.dll
0x00007ffe8cb10000 - 0x00007ffe8ce32000 	C:\WINDOWS\System32\combase.dll
0x00007ffe8a5a0000 - 0x00007ffe8a61a000 	C:\WINDOWS\System32\bcryptPrimitives.dll
0x00007ffe8d1d0000 - 0x00007ffe8d1fd000 	C:\WINDOWS\System32\IMM32.DLL
0x00000000706b0000 - 0x0000000070782000 	C:\Program Files\Java\jdk1.8.0_121\jre\bin\msvcr100.dll
0x000000006fde0000 - 0x000000007067b000 	C:\Program Files\Java\jdk1.8.0_121\jre\bin\server\jvm.dll
0x00007ffe8bc30000 - 0x00007ffe8bc38000 	C:\WINDOWS\System32\PSAPI.DLL
0x00007ffe86200000 - 0x00007ffe86223000 	C:\WINDOWS\SYSTEM32\WINMM.dll
0x00007ffe829a0000 - 0x00007ffe829aa000 	C:\WINDOWS\SYSTEM32\VERSION.dll
0x00007ffe861d0000 - 0x00007ffe861fa000 	C:\WINDOWS\SYSTEM32\winmmbase.dll
0x00007ffe89850000 - 0x00007ffe89899000 	C:\WINDOWS\System32\cfgmgr32.dll
0x00007ffe730d0000 - 0x00007ffe730d9000 	C:\WINDOWS\SYSTEM32\WSOCK32.dll
0x00007ffe8caa0000 - 0x00007ffe8cb0c000 	C:\WINDOWS\System32\WS2_32.dll
0x000000006fdd0000 - 0x000000006fddf000 	C:\Program Files\Java\jdk1.8.0_121\jre\bin\verify.dll
0x000000006fda0000 - 0x000000006fdc9000 	C:\Program Files\Java\jdk1.8.0_121\jre\bin\java.dll
0x000000006fd50000 - 0x000000006fd73000 	C:\Program Files\Java\jdk1.8.0_121\jre\bin\instrument.dll
0x000000006fd80000 - 0x000000006fd96000 	C:\Program Files\Java\jdk1.8.0_121\jre\bin\zip.dll

VM Arguments:
jvm_args: -XX:TieredStopAtLevel=1 -Xverify:none -Dspring.output.ansi.enabled=always -Dcom.sun.management.jmxremote -Dcom.sun.management.jmxremote.port=2272 -Dcom.sun.management.jmxremote.authenticate=false -Dcom.sun.management.jmxremote.ssl=false -Djava.rmi.server.hostname=localhost -Dspring.liveBeansView.mbeanDomain -Dspring.application.admin.enabled=true -javaagent:C:\Program Files\JetBrains\IntelliJ IDEA 2018.1.4\lib\idea_rt.jar=2273:C:\Program Files\JetBrains\IntelliJ IDEA 2018.1.4\bin -Dfile.encoding=UTF-8 
java_command: vip.ifmm.rolesystem.RoleSystemApplication
java_class_path (initial): C:\Program Files\Java\jdk1.8.0_121\jre\lib\charsets.jar;C:\Program Files\Java\jdk1.8.0_121\jre\lib\deploy.jar;C:\Program Files\Java\jdk1.8.0_121\jre\lib\ext\access-bridge-64.jar;C:\Program Files\Java\jdk1.8.0_121\jre\lib\ext\cldrdata.jar;C:\Program Files\Java\jdk1.8.0_121\jre\lib\ext\dnsns.jar;C:\Program Files\Java\jdk1.8.0_121\jre\lib\ext\jaccess.jar;C:\Program Files\Java\jdk1.8.0_121\jre\lib\ext\jfxrt.jar;C:\Program Files\Java\jdk1.8.0_121\jre\lib\ext\localedata.jar;C:\Program Files\Java\jdk1.8.0_121\jre\lib\ext\nashorn.jar;C:\Program Files\Java\jdk1.8.0_121\jre\lib\ext\sunec.jar;C:\Program Files\Java\jdk1.8.0_121\jre\lib\ext\sunjce_provider.jar;C:\Program Files\Java\jdk1.8.0_121\jre\lib\ext\sunmscapi.jar;C:\Program Files\Java\jdk1.8.0_121\jre\lib\ext\sunpkcs11.jar;C:\Program Files\Java\jdk1.8.0_121\jre\lib\ext\zipfs.jar;C:\Program Files\Java\jdk1.8.0_121\jre\lib\javaws.jar;C:\Program Files\Java\jdk1.8.0_121\jre\lib\jce.jar;C:\Program Files\Java\jdk1.8.0_121\jre\lib\jfr.jar;C:\Program Files\Java\jdk1.8.0_121\jre\lib\jfxswt.jar;C:\Program Files\Java\jdk1.8.0_121\jre\lib\jsse.jar;C:\Program Files\Java\jdk1.8.0_121\jre\lib\management-agent.jar;C:\Program Files\Java\jdk1.8.0_121\jre\lib\plugin.jar;C:\Program Files\Java\jdk1.8.0_121\jre\lib\resources.jar;C:\Program Files\Java\jdk1.8.0_121\jre\lib\rt.jar;D:\IDEAspace\role-system\target\classes;C:\Users\MackyHuang\.m2\repository\org\springframework\boot\spring-boot-starter-jdbc\2.1.2.RELEASE\spring-boot-starter-jdbc-2.1.2.RELEASE.jar;C:\Users\MackyHuang\.m2\repository\org\springframework\boot\spring-boot-starter\2.1.2.RELEASE\spring-boot-starter-2.1.2.RELEASE.jar;C:\Users\MackyHuang\.m2\repository\org\springframework\boot\spring-boot\2.1.2.RELEASE\spring-boot-2.1.2.RELEASE.jar;C:\Users\MackyHuang\.m2\repository\org\springframework\boot\spring-boot-autoconfigure\2.1.2.RELEASE\spring-boot-autoconfigure-2.1.2.RELEASE.jar;C:\Users\MackyHuang\.m2\repository\javax\annotation\javax.annotation-api\1.
Launcher Type: SUN_STANDARD

Environment Variables:
JAVA_HOME=C:\Program Files\Java\jdk1.8.0_121
PATH=C:\ProgramData\Oracle\Java\javapath;C:\Program Files (x86)\Intel\Intel(R) Management Engine Components\iCLS\;C:\Program Files\Intel\Intel(R) Management Engine Components\iCLS\;C:\WINDOWS\system32;C:\WINDOWS;C:\WINDOWS\System32\Wbem;C:\WINDOWS\System32\WindowsPowerShell\v1.0\;C:\Program Files (x86)\Intel\Intel(R) Management Engine Components\DAL;C:\Program Files\Intel\Intel(R) Management Engine Components\DAL;C:\Program Files (x86)\Intel\Intel(R) Management Engine Components\IPT;C:\Program Files\Intel\Intel(R) Management Engine Components\IPT;C:\Program Files\Java\jdk1.8.0_121\bin;C:\Program Files\PuTTY\;"C:\apache-tomcat-8.5.30\lib;C:\apache-tomcat-8.5.30\bin";C:\Program Files\MySQL\MySQL Server 5.7\bin;C:\apache-maven-3.5.3\bin;C:\WINDOWS\System32\OpenSSH\;C:\Program Files\Git\cmd;C:\Program Files\Git\bin;C:\Program Files\nodejs\;C:\android-sdk-windows\tools;C:\android-sdk-windows\platform-tools;C:\gradle-4.9\bin;D:\android-ndk-r16b;C:\svn\bin;C:\Program Files\Intel\WiFi\bin\;C:\Program Files\Common Files\Intel\WirelessCommon\;C:\Users\MackyHuang\AppData\Local\Microsoft\WindowsApps;C:\Users\MackyHuang\AppData\Roaming\npm
USERNAME=MackyHuang
OS=Windows_NT
PROCESSOR_IDENTIFIER=Intel64 Family 6 Model 142 Stepping 10, GenuineIntel



---------------  S Y S T E M  ---------------

OS: Windows 10.0 , 64 bit Build 17134 (10.0.17134.1)

CPU:total 8 (4 cores per cpu, 2 threads per core) family 6 model 142 stepping 10, cmov, cx8, fxsr, mmx, sse, sse2, sse3, ssse3, sse4.1, sse4.2, popcnt, avx, avx2, aes, clmul, erms, 3dnowpref, lzcnt, ht, tsc, tscinvbit, bmi1, bmi2, adx

Memory: 4k page, physical 8227560k(1590556k free), swap 18713316k(7664k free)

vm_info: Java HotSpot(TM) 64-Bit Server VM (25.121-b13) for windows-amd64 JRE (1.8.0_121-b13), built on Dec 12 2016 18:21:36 by "java_re" with MS VC++ 10.0 (VS2010)

time: Mon Feb 11 15:35:36 2019
elapsed time: 0 seconds (0d 0h 0m 0s)

